sh: setup.sh: No such file or directory
Generating RSA private key, 2048 bit long modulus
............................................+++
.............+++
e is 65537 (0x10001)
Using configuration from ./ssl/openssl.cnf
Check that the request matches the signature
Signature ok
Certificate Details:
        Serial Number: 1 (0x1)
        Validity
            Not Before: Nov 15 08:55:09 2017 GMT
            Not After : Nov 15 08:55:09 2018 GMT
        Subject:
            countryName               = CH
            stateOrProvinceName       = Zurich
            organizationName          = iMovies
            organizationalUnitName    = Users
            commonName                = ohmy
        X509v3 extensions:
            X509v3 Basic Constraints: 
                CA:FALSE
            Netscape Comment: 
                OpenSSL Generated Certificate
            X509v3 Subject Key Identifier: 
                2E:FB:4F:F7:63:72:F9:CA:24:CF:9A:63:41:EA:0A:D6:E6:7F:FA:51
            X509v3 Authority Key Identifier: 
                keyid:C0:2C:B3:C6:96:26:48:D2:12:34:D0:37:AF:84:16:12:5B:FE:91:D7

Certificate is to be certified until Nov 15 08:55:09 2018 GMT (365 days)

Write out database with 1 new entries
Data Base Updated
Generating RSA private key, 2048 bit long modulus
..............+++
.................................................................+++
e is 65537 (0x10001)
Using configuration from ./ssl/openssl.cnf
Check that the request matches the signature
Signature ok
Certificate Details:
        Serial Number: 2 (0x2)
        Validity
            Not Before: Nov 15 08:55:46 2017 GMT
            Not After : Nov 15 08:55:46 2018 GMT
        Subject:
            countryName               = CH
            stateOrProvinceName       = Zurich
            organizationName          = iMovies
            organizationalUnitName    = Users
            commonName                = ohmy
        X509v3 extensions:
            X509v3 Basic Constraints: 
                CA:FALSE
            Netscape Comment: 
                OpenSSL Generated Certificate
            X509v3 Subject Key Identifier: 
                10:1F:E3:21:EB:28:85:FA:2D:5A:4B:48:EC:C6:82:14:84:FD:AA:F1
            X509v3 Authority Key Identifier: 
                keyid:C0:2C:B3:C6:96:26:48:D2:12:34:D0:37:AF:84:16:12:5B:FE:91:D7

Certificate is to be certified until Nov 15 08:55:46 2018 GMT (365 days)

Write out database with 1 new entries
Data Base Updated
Using configuration from ./ssl/openssl.cnf
Revoking Certificate 01.
Data Base Updated
Using configuration from ./ssl/openssl.cnf
sh: setup.sh: No such file or directory
Generating RSA private key, 2048 bit long modulus
.............................................+++
.................................................+++
e is 65537 (0x10001)
Using configuration from ./ssl/openssl.cnf
Check that the request matches the signature
Signature ok
Certificate Details:
        Serial Number: 3 (0x3)
        Validity
            Not Before: Nov 15 12:12:01 2017 GMT
            Not After : Nov 15 12:12:01 2018 GMT
        Subject:
            countryName               = CH
            stateOrProvinceName       = Zurich
            organizationName          = iMovies
            organizationalUnitName    = Users
            commonName                = ohmy
        X509v3 extensions:
            X509v3 Basic Constraints: 
                CA:FALSE
            Netscape Comment: 
                OpenSSL Generated Certificate
            X509v3 Subject Key Identifier: 
                CF:7A:5A:C7:BD:F5:A4:F4:B8:B5:F1:7A:B1:11:C0:A9:A5:51:69:48
            X509v3 Authority Key Identifier: 
                keyid:C0:2C:B3:C6:96:26:48:D2:12:34:D0:37:AF:84:16:12:5B:FE:91:D7

Certificate is to be certified until Nov 15 12:12:01 2018 GMT (365 days)

Write out database with 1 new entries
Data Base Updated
Generating RSA private key, 2048 bit long modulus
..+++
.....+++
e is 65537 (0x10001)
Using configuration from ./ssl/openssl.cnf
Check that the request matches the signature
Signature ok
Certificate Details:
        Serial Number: 4 (0x4)
        Validity
            Not Before: Nov 15 13:16:26 2017 GMT
            Not After : Nov 15 13:16:26 2018 GMT
        Subject:
            countryName               = CH
            stateOrProvinceName       = Zurich
            organizationName          = iMovies
            organizationalUnitName    = Users
            commonName                = ohmy
        X509v3 extensions:
            X509v3 Basic Constraints: 
                CA:FALSE
            Netscape Comment: 
                OpenSSL Generated Certificate
            X509v3 Subject Key Identifier: 
                4B:8E:AA:D2:52:B8:EC:F0:82:C9:9C:32:66:22:6E:D7:B1:70:F3:F0
            X509v3 Authority Key Identifier: 
                keyid:C0:2C:B3:C6:96:26:48:D2:12:34:D0:37:AF:84:16:12:5B:FE:91:D7

Certificate is to be certified until Nov 15 13:16:26 2018 GMT (365 days)

Write out database with 1 new entries
Data Base Updated
sh: setup.sh: No such file or directory
sh: setup.sh: No such file or directory
Generating RSA private key, 2048 bit long modulus
.............................................................................................................................................+++
......+++
e is 65537 (0x10001)
Using configuration from ./ssl/openssl.cnf
Check that the request matches the signature
Signature ok
Certificate Details:
        Serial Number: 5 (0x5)
        Validity
            Not Before: Nov 15 14:10:09 2017 GMT
            Not After : Nov 15 14:10:09 2018 GMT
        Subject:
            countryName               = CH
            stateOrProvinceName       = Zurich
            organizationName          = iMovies
            organizationalUnitName    = Infrastructure
            commonName                = web_server
        X509v3 extensions:
            X509v3 Basic Constraints: 
                CA:FALSE
            Netscape Comment: 
                OpenSSL Generated Certificate
            X509v3 Subject Key Identifier: 
                F9:B1:5E:13:9C:51:33:BD:90:EA:57:8C:94:23:C7:83:66:7B:37:D9
            X509v3 Authority Key Identifier: 
                keyid:C0:2C:B3:C6:96:26:48:D2:12:34:D0:37:AF:84:16:12:5B:FE:91:D7

Certificate is to be certified until Nov 15 14:10:09 2018 GMT (365 days)

Write out database with 1 new entries
Data Base Updated
Generating RSA private key, 2048 bit long modulus
.................................+++
..............................+++
e is 65537 (0x10001)
Using configuration from ./ssl/openssl.cnf
Check that the request matches the signature
Signature ok
Certificate Details:
        Serial Number: 6 (0x6)
        Validity
            Not Before: Nov 15 14:11:52 2017 GMT
            Not After : Nov 15 14:11:52 2018 GMT
        Subject:
            countryName               = CH
            stateOrProvinceName       = Zurich
            organizationName          = iMovies
            organizationalUnitName    = Infrastructure
            commonName                = core_ca
        X509v3 extensions:
            X509v3 Basic Constraints: 
                CA:FALSE
            Netscape Comment: 
                OpenSSL Generated Certificate
            X509v3 Subject Key Identifier: 
                50:48:B6:A7:E4:06:DB:3F:72:96:EF:27:0C:A6:9A:0F:F3:2C:E0:6B
            X509v3 Authority Key Identifier: 
                keyid:C0:2C:B3:C6:96:26:48:D2:12:34:D0:37:AF:84:16:12:5B:FE:91:D7

Certificate is to be certified until Nov 15 14:11:52 2018 GMT (365 days)

Write out database with 1 new entries
Data Base Updated
Generating RSA private key, 2048 bit long modulus
.....................................................................................................................+++
....+++
e is 65537 (0x10001)
Using configuration from ./ssl/openssl.cnf
Check that the request matches the signature
Signature ok
Certificate Details:
        Serial Number: 7 (0x7)
        Validity
            Not Before: Nov 15 14:13:17 2017 GMT
            Not After : Nov 15 14:13:17 2018 GMT
        Subject:
            countryName               = CH
            stateOrProvinceName       = Zurich
            organizationName          = iMovies
            organizationalUnitName    = Infrastructure
            commonName                = backup
        X509v3 extensions:
            X509v3 Basic Constraints: 
                CA:FALSE
            Netscape Comment: 
                OpenSSL Generated Certificate
            X509v3 Subject Key Identifier: 
                30:58:32:0F:3D:58:AC:1C:8A:9D:02:C6:0E:75:52:0E:CC:C9:C7:43
            X509v3 Authority Key Identifier: 
                keyid:C0:2C:B3:C6:96:26:48:D2:12:34:D0:37:AF:84:16:12:5B:FE:91:D7

Certificate is to be certified until Nov 15 14:13:17 2018 GMT (365 days)

Write out database with 1 new entries
Data Base Updated
Generating RSA private key, 2048 bit long modulus
.........+++
....................+++
e is 65537 (0x10001)
Using configuration from ./ssl/openssl.cnf
Check that the request matches the signature
Signature ok
Certificate Details:
        Serial Number: 8 (0x8)
        Validity
            Not Before: Nov 15 14:14:08 2017 GMT
            Not After : Nov 15 14:14:08 2018 GMT
        Subject:
            countryName               = CH
            stateOrProvinceName       = Zurich
            organizationName          = iMovies
            organizationalUnitName    = Infrastructure
            commonName                = firewall
        X509v3 extensions:
            X509v3 Basic Constraints: 
                CA:FALSE
            Netscape Comment: 
                OpenSSL Generated Certificate
            X509v3 Subject Key Identifier: 
                D0:D2:1B:D5:B5:F9:BA:3E:29:9F:00:82:46:4C:CD:81:07:04:46:19
            X509v3 Authority Key Identifier: 
                keyid:C0:2C:B3:C6:96:26:48:D2:12:34:D0:37:AF:84:16:12:5B:FE:91:D7

Certificate is to be certified until Nov 15 14:14:08 2018 GMT (365 days)

Write out database with 1 new entries
Data Base Updated
Generating RSA private key, 2048 bit long modulus
....+++
...................+++
e is 65537 (0x10001)
Using configuration from ./ssl/openssl.cnf
Check that the request matches the signature
Signature ok
Certificate Details:
        Serial Number: 9 (0x9)
        Validity
            Not Before: Nov 15 14:14:37 2017 GMT
            Not After : Nov 15 14:14:37 2018 GMT
        Subject:
            countryName               = CH
            stateOrProvinceName       = Zurich
            organizationName          = iMovies
            organizationalUnitName    = Infrastructure
            commonName                = database
        X509v3 extensions:
            X509v3 Basic Constraints: 
                CA:FALSE
            Netscape Comment: 
                OpenSSL Generated Certificate
            X509v3 Subject Key Identifier: 
                08:96:6D:45:EA:6D:8F:52:5B:15:8A:A0:4B:72:7F:76:1B:B7:37:93
            X509v3 Authority Key Identifier: 
                keyid:C0:2C:B3:C6:96:26:48:D2:12:34:D0:37:AF:84:16:12:5B:FE:91:D7

Certificate is to be certified until Nov 15 14:14:37 2018 GMT (365 days)

Write out database with 1 new entries
Data Base Updated
Generating RSA private key, 2048 bit long modulus
...........................................+++
...............................................................................................................................................................+++
e is 65537 (0x10001)
Using configuration from ./ssl/openssl.cnf
Check that the request matches the signature
Signature ok
Certificate Details:
        Serial Number: 10 (0xa)
        Validity
            Not Before: Nov 15 14:16:31 2017 GMT
            Not After : Nov 15 14:16:31 2018 GMT
        Subject:
            countryName               = CH
            stateOrProvinceName       = Zurich
            organizationName          = iMovies
            organizationalUnitName    = Administration
            commonName                = sys_admin
        X509v3 extensions:
            X509v3 Basic Constraints: 
                CA:FALSE
            Netscape Comment: 
                OpenSSL Generated Certificate
            X509v3 Subject Key Identifier: 
                E2:5C:D8:93:99:DC:45:FB:4B:22:57:5D:77:78:A8:84:5D:C3:0A:8C
            X509v3 Authority Key Identifier: 
                keyid:C0:2C:B3:C6:96:26:48:D2:12:34:D0:37:AF:84:16:12:5B:FE:91:D7

Certificate is to be certified until Nov 15 14:16:31 2018 GMT (365 days)

Write out database with 1 new entries
Data Base Updated
Generating RSA private key, 2048 bit long modulus
.......................+++
.......................+++
e is 65537 (0x10001)
Using configuration from ./ssl/openssl.cnf
Check that the request matches the signature
Signature ok
Certificate Details:
        Serial Number: 11 (0xb)
        Validity
            Not Before: Nov 15 14:17:05 2017 GMT
            Not After : Nov 15 14:17:05 2018 GMT
        Subject:
            countryName               = CH
            stateOrProvinceName       = Zurich
            organizationName          = iMovies
            organizationalUnitName    = Administration
            commonName                = ca_admin
        X509v3 extensions:
            X509v3 Basic Constraints: 
                CA:FALSE
            Netscape Comment: 
                OpenSSL Generated Certificate
            X509v3 Subject Key Identifier: 
                CD:95:EB:56:36:58:0F:98:31:BA:25:A8:F3:6E:45:E9:40:3E:F0:27
            X509v3 Authority Key Identifier: 
                keyid:C0:2C:B3:C6:96:26:48:D2:12:34:D0:37:AF:84:16:12:5B:FE:91:D7

Certificate is to be certified until Nov 15 14:17:05 2018 GMT (365 days)

Write out database with 1 new entries
Data Base Updated
mkdir: ./tmp: File exists
Generating a 2048 bit RSA private key
....................................................................................................................+++
..............................+++
writing new private key to 'cakey.pem'
-----
mkdir: ./tmp: File exists
Generating a 2048 bit RSA private key
........................................................................................+++
.....................................+++
writing new private key to 'cakey.pem'
-----
Generating RSA private key, 2048 bit long modulus
Generating RSA private key, 2048 bit long modulus
.............++.+
.........................................................................++.+
..++e is 65537 (0x10001)
+
.....................+++
e is 65537 (0x10001)
Using configuration from ./ssl/openssl.cnf
Check that the request matches the signature
Signature ok
The stateOrProvinceName field needed to be the same in the
CA certificate (Zurich) and the request (Zurich)
cat: ./ssl/CA/serial.old: No such file or directory
Using configuration from ./ssl/openssl.cnf
Error opening input file ./ssl/CA/newcerts/01.pem
./ssl/CA/newcerts/01.pem: No such file or directory
Check that the request matches the signature
Signature ok
The stateOrProvinceName field needed to be the same in the
CA certificate (Zurich) and the request (Zurich)
cat: ./ssl/CA/serial.old: No such file or directory
Error opening input file ./ssl/CA/newcerts/01.pem
./ssl/CA/newcerts/01.pem: No such file or directory
mkdir: ./tmp: File exists
Generating a 2048 bit RSA private key
......................................................................+++
..............+++
writing new private key to 'cakey.pem'
-----
Generating RSA private key, 2048 bit long modulus
..............................+++
................................+++
e is 65537 (0x10001)
Using configuration from ./ssl/openssl.cnf
Check that the request matches the signature
Signature ok
The stateOrProvinceName field needed to be the same in the
CA certificate (Zurich) and the request (Zurich)
cat: ./ssl/CA/serial.old: No such file or directory
Error opening input file ./ssl/CA/newcerts/01.pem
./ssl/CA/newcerts/01.pem: No such file or directory
mkdir: ./tmp: File exists
Generating a 2048 bit RSA private key
......+++
.......+++
writing new private key to 'cakey.pem'
-----
Generating RSA private key, 2048 bit long modulus
....+++
....................................................................+++
e is 65537 (0x10001)
Using configuration from ./ssl/openssl.cnf
Check that the request matches the signature
Signature ok
The stateOrProvinceName field needed to be the same in the
CA certificate (Zurich) and the request (Zurich)
cat: ./ssl/CA/serial.old: No such file or directory
Error opening input file ./ssl/CA/newcerts/01.pem
./ssl/CA/newcerts/01.pem: No such file or directory
Generating RSA private key, 2048 bit long modulus
...................+++
.........................................+++
e is 65537 (0x10001)
Using configuration from ./ssl/openssl.cnf
Check that the request matches the signature
Signature ok
The stateOrProvinceName field needed to be the same in the
CA certificate (Zurich) and the request (Zurich)
cat: ./ssl/CA/serial.old: No such file or directory
Error opening input file ./ssl/CA/newcerts/01.pem
./ssl/CA/newcerts/01.pem: No such file or directory
Generating RSA private key, 2048 bit long modulus
.......+++
.....................................................................................+++
e is 65537 (0x10001)
Using configuration from ./ssl/openssl.cnf
Check that the request matches the signature
Signature ok
Certificate Details:
        Serial Number: 1 (0x1)
        Validity
            Not Before: Nov 15 16:12:05 2017 GMT
            Not After : Nov 15 16:12:05 2018 GMT
        Subject:
            countryName               = CH
            stateOrProvinceName       = Zurich
            organizationName          = iMovies
            organizationalUnitName    = Infrastructure
            commonName                = web_server
        X509v3 extensions:
            X509v3 Basic Constraints: 
                CA:FALSE
            Netscape Comment: 
                OpenSSL Generated Certificate
            X509v3 Subject Key Identifier: 
                53:56:A3:22:0B:97:AF:A7:BA:06:20:50:DF:94:26:F4:3A:22:40:95
            X509v3 Authority Key Identifier: 
                keyid:C0:2C:B3:C6:96:26:48:D2:12:34:D0:37:AF:84:16:12:5B:FE:91:D7

Certificate is to be certified until Nov 15 16:12:05 2018 GMT (365 days)

Write out database with 1 new entries
Data Base Updated
Generating RSA private key, 2048 bit long modulus
.....................................................+++
............................................................................................................+++
e is 65537 (0x10001)
Using configuration from ./ssl/openssl.cnf
Check that the request matches the signature
Signature ok
Certificate Details:
        Serial Number: 2 (0x2)
        Validity
            Not Before: Nov 15 16:13:30 2017 GMT
            Not After : Nov 15 16:13:30 2018 GMT
        Subject:
            countryName               = CH
            stateOrProvinceName       = Zurich
            organizationName          = iMovies
            organizationalUnitName    = Infrastructure
            commonName                = core_ca
        X509v3 extensions:
            X509v3 Basic Constraints: 
                CA:FALSE
            Netscape Comment: 
                OpenSSL Generated Certificate
            X509v3 Subject Key Identifier: 
                BC:E3:B5:25:6E:10:0F:3B:56:ED:92:1C:CF:83:92:5F:CC:79:B8:5F
            X509v3 Authority Key Identifier: 
                keyid:C0:2C:B3:C6:96:26:48:D2:12:34:D0:37:AF:84:16:12:5B:FE:91:D7

Certificate is to be certified until Nov 15 16:13:30 2018 GMT (365 days)

Write out database with 1 new entries
Data Base Updated
Generating RSA private key, 2048 bit long modulus
....................................................+++
..............+++
e is 65537 (0x10001)
Using configuration from ./ssl/openssl.cnf
Check that the request matches the signature
Signature ok
Certificate Details:
        Serial Number: 3 (0x3)
        Validity
            Not Before: Nov 15 16:14:10 2017 GMT
            Not After : Nov 15 16:14:10 2018 GMT
        Subject:
            countryName               = CH
            stateOrProvinceName       = Zurich
            organizationName          = iMovies
            organizationalUnitName    = Infrastructure
            commonName                = backup
        X509v3 extensions:
            X509v3 Basic Constraints: 
                CA:FALSE
            Netscape Comment: 
                OpenSSL Generated Certificate
            X509v3 Subject Key Identifier: 
                61:97:E4:CF:FA:A6:DE:F7:41:13:DB:9C:7C:1F:78:93:1C:D9:AA:CE
            X509v3 Authority Key Identifier: 
                keyid:C0:2C:B3:C6:96:26:48:D2:12:34:D0:37:AF:84:16:12:5B:FE:91:D7

Certificate is to be certified until Nov 15 16:14:10 2018 GMT (365 days)

Write out database with 1 new entries
Data Base Updated
Generating RSA private key, 2048 bit long modulus
...............Generating RSA private key, 2048 bit long modulus
............................+.++
...............................................+.++
.......................................................+.+.+
..e is 65537 (0x10001)
.......+++
e is 65537 (0x10001)
Using configuration from ./ssl/openssl.cnf
Using configuration from ./ssl/openssl.cnf
Check that the request matches the signature
Signature ok
Check that the request matches the signature
Signature ok
Certificate Details:
        Serial Number: 4 (0x4)
        Validity
            Not Before: Nov 15 16:14:50 2017 GMT
            Not After : Nov 15 16:14:50 2018 GMT
        Subject:
            countryName               = CH
           Certificate Details:
         Serial Number:stateOrProvinceName 4 (0x4)
         Validity
             Not Before:  Nov 15 16:14:50 2017 GMT 
            Not After :  Nov 15 16:14:50 2018 GMT 
 =         Subject:
Z u r i c h 
            countryName            organizationName                 =  C = Hi
M o v i e s 
            stateOrProvinceName            organizationalUnitName =  Z u r = iIcnhf
r a s t r u c t u r e 
  organizationName                    =  icommonNameM o v i e s 
                   =  f i rorganizationalUnitNamee w a l = lI
n        X509v3 extensions:
f            rX509v3 Basic Constraintsa: 
st                rCA:FALSEu
c            tNetscape Commentu: 
r                OpenSSL Generated Certificatee

             X509v3 Subject Key Identifier : 
                 30:F2:B4:FE:66:D9:CF:96:E5:BD:41:17:F5:C4:FD:B8:C5:B4:B4:78 
              X509v3 Authority Key Identifier : 
                   keyid:C0:2C:B3:C6:96:26:48:D2:12:34:D0:37:AF:84:16:12:5B:FE:91:D7 
 
commonNameCertificate is to be certified until   Nov 15 16:14:50 2018 GMT  (365 days) 
            = firewall
        X509v3 extensions:
            X509v3 Basic Constraints: 
                CA:FALSE
            Netscape Comment: 
                OpenSSL Generated Certificate
            X509v3 Subject Key Identifier: 
                30:F2:B4:FE:66:D9:CF:96:E5:BD:41:17:F5:C4:FD:B8:C5:B4:B4:78
            X509v3 Authority Key Identifier: 
                keyid:C0:2C:B3:C6:96:26:48:D2:12:34:D0:37:AF:84:16:12:5B:FE:91:D7

Certificate is to be certified until Nov 15 16:14:50 2018 GMT (365 days)

Write out database with 1 new entries

Write out database with 1 new entries
unable to rename ./ssl/CA/serial.new to ./ssl/CA/serial
reason: No such file or directory
Data Base Updated
cat: ./ssl/CA/serial.old: No such file or directory
cat: ./ssl/CA/serial.old: No such file or directory
No certificate matches private key
No certificate matches private key
rm: ./tmp/firewall.key: No such file or directory
rm: ./tmp/firewall.csr: No such file or directory
rm: ./tmp/firewall.p12: No such file or directory
Generating RSA private key, 2048 bit long modulus
................................................................................+++
...........+++
e is 65537 (0x10001)
Using configuration from ./ssl/openssl.cnf
Check that the request matches the signature
Signature ok
Certificate Details:
        Serial Number: 5 (0x5)
        Validity
            Not Before: Nov 15 16:16:05 2017 GMT
            Not After : Nov 15 16:16:05 2018 GMT
        Subject:
            countryName               = CH
            stateOrProvinceName       = Zurich
            organizationName          = iMovies
            organizationalUnitName    = Infrastructure
            commonName                = database
        X509v3 extensions:
            X509v3 Basic Constraints: 
                CA:FALSE
            Netscape Comment: 
                OpenSSL Generated Certificate
            X509v3 Subject Key Identifier: 
                6E:2A:D2:04:32:79:91:D2:52:E1:16:7F:29:61:7B:EE:5F:D1:FB:52
            X509v3 Authority Key Identifier: 
                keyid:C0:2C:B3:C6:96:26:48:D2:12:34:D0:37:AF:84:16:12:5B:FE:91:D7

Certificate is to be certified until Nov 15 16:16:05 2018 GMT (365 days)

Write out database with 1 new entries
Data Base Updated
mkdir: ./tmp: File exists
mv: rename cakey.pem to ./ssl/CA/private/cakey.pem: No such file or directory
mv: rename cacert.pem to ./ssl/CA/cacert.pem: No such file or directory
mv: ./ssl/CA/cacert.pem: No such file or directory
mv: ./ssl/CA/private/cakey.pem: No such file or directory
mkdir: ./tmp: File exists
mv: rename ./cakey.pem to ./ssl/CA/private/cakey.pem: No such file or directory
mv: rename ./cacert.pem to ./ssl/CA/cacert.pem: No such file or directory
mv: ./ssl/CA/cacert.pem: No such file or directory
mv: ./ssl/CA/private/cakey.pem: No such file or directory
mkdir: ./tmp: File exists
Generating RSA private key, 2048 bit long modulus
..............................................+++
...............................+++
e is 65537 (0x10001)
Using configuration from ./ssl/openssl.cnf
Check that the request matches the signature
Signature ok
Certificate Details:
        Serial Number: 1 (0x1)
        Validity
            Not Before: Nov 15 16:43:58 2017 GMT
            Not After : Nov 15 16:43:58 2018 GMT
        Subject:
            countryName               = CH
            stateOrProvinceName       = Zurich
            organizationName          = iMovies
            organizationalUnitName    = Infrastructure
            commonName                = web_server
        X509v3 extensions:
            X509v3 Basic Constraints: 
                CA:FALSE
            Netscape Comment: 
                OpenSSL Generated Certificate
            X509v3 Subject Key Identifier: 
                8D:8E:B8:70:73:60:F7:AB:E8:45:2E:C5:4A:A0:2B:A4:81:36:64:3E
            X509v3 Authority Key Identifier: 
                keyid:C0:2C:B3:C6:96:26:48:D2:12:34:D0:37:AF:84:16:12:5B:FE:91:D7

Certificate is to be certified until Nov 15 16:43:58 2018 GMT (365 days)

Write out database with 1 new entries
Data Base Updated
Generating RSA private key, 2048 bit long modulus
.................+++
..................+++
e is 65537 (0x10001)
Using configuration from ./ssl/openssl.cnf
Check that the request matches the signature
Signature ok
Certificate Details:
        Serial Number: 2 (0x2)
        Validity
            Not Before: Nov 15 16:44:11 2017 GMT
            Not After : Nov 15 16:44:11 2018 GMT
        Subject:
            countryName               = CH
            stateOrProvinceName       = Zurich
            organizationName          = iMovies
            organizationalUnitName    = Infrastructure
            commonName                = core_ca
        X509v3 extensions:
            X509v3 Basic Constraints: 
                CA:FALSE
            Netscape Comment: 
                OpenSSL Generated Certificate
            X509v3 Subject Key Identifier: 
                9D:F6:97:72:2F:3F:30:6B:C3:81:D2:07:A9:14:64:A6:D6:C8:73:12
            X509v3 Authority Key Identifier: 
                keyid:C0:2C:B3:C6:96:26:48:D2:12:34:D0:37:AF:84:16:12:5B:FE:91:D7

Certificate is to be certified until Nov 15 16:44:11 2018 GMT (365 days)

Write out database with 1 new entries
Data Base Updated
Generating RSA private key, 2048 bit long modulus
...+++
................+++
e is 65537 (0x10001)
Using configuration from ./ssl/openssl.cnf
Check that the request matches the signature
Signature ok
Certificate Details:
        Serial Number: 3 (0x3)
        Validity
            Not Before: Nov 15 16:44:22 2017 GMT
            Not After : Nov 15 16:44:22 2018 GMT
        Subject:
            countryName               = CH
            stateOrProvinceName       = Zurich
            organizationName          = iMovies
            organizationalUnitName    = Infrastructure
            commonName                = backup
        X509v3 extensions:
            X509v3 Basic Constraints: 
                CA:FALSE
            Netscape Comment: 
                OpenSSL Generated Certificate
            X509v3 Subject Key Identifier: 
                A2:7F:25:31:43:22:13:24:C5:94:B3:15:7E:7B:3B:4A:D9:0E:C5:8A
            X509v3 Authority Key Identifier: 
                keyid:C0:2C:B3:C6:96:26:48:D2:12:34:D0:37:AF:84:16:12:5B:FE:91:D7

Certificate is to be certified until Nov 15 16:44:22 2018 GMT (365 days)

Write out database with 1 new entries
Data Base Updated
Generating RSA private key, 2048 bit long modulus
...........................................................+++
....................................................+++
e is 65537 (0x10001)
Using configuration from ./ssl/openssl.cnf
Check that the request matches the signature
Signature ok
Certificate Details:
        Serial Number: 4 (0x4)
        Validity
            Not Before: Nov 15 16:44:32 2017 GMT
            Not After : Nov 15 16:44:32 2018 GMT
        Subject:
            countryName               = CH
            stateOrProvinceName       = Zurich
            organizationName          = iMovies
            organizationalUnitName    = Infrastructure
            commonName                = firewall
        X509v3 extensions:
            X509v3 Basic Constraints: 
                CA:FALSE
            Netscape Comment: 
                OpenSSL Generated Certificate
            X509v3 Subject Key Identifier: 
                0A:6A:4A:12:21:4B:A1:62:F7:77:FD:BA:63:49:08:9A:2E:BC:89:1E
            X509v3 Authority Key Identifier: 
                keyid:C0:2C:B3:C6:96:26:48:D2:12:34:D0:37:AF:84:16:12:5B:FE:91:D7

Certificate is to be certified until Nov 15 16:44:32 2018 GMT (365 days)

Write out database with 1 new entries
Data Base Updated
Generating RSA private key, 2048 bit long modulus
...+++
...................+++
e is 65537 (0x10001)
Using configuration from ./ssl/openssl.cnf
Check that the request matches the signature
Signature ok
Certificate Details:
        Serial Number: 5 (0x5)
        Validity
            Not Before: Nov 15 16:44:43 2017 GMT
            Not After : Nov 15 16:44:43 2018 GMT
        Subject:
            countryName               = CH
            stateOrProvinceName       = Zurich
            organizationName          = iMovies
            organizationalUnitName    = Infrastructure
            commonName                = database
        X509v3 extensions:
            X509v3 Basic Constraints: 
                CA:FALSE
            Netscape Comment: 
                OpenSSL Generated Certificate
            X509v3 Subject Key Identifier: 
                5F:A8:99:87:C5:36:57:7C:E6:F8:B1:CE:23:B4:25:66:47:AC:ED:24
            X509v3 Authority Key Identifier: 
                keyid:C0:2C:B3:C6:96:26:48:D2:12:34:D0:37:AF:84:16:12:5B:FE:91:D7

Certificate is to be certified until Nov 15 16:44:43 2018 GMT (365 days)

Write out database with 1 new entries
Data Base Updated
Generating RSA private key, 2048 bit long modulus
.............................+++
..................+++
e is 65537 (0x10001)
Using configuration from ./ssl/openssl.cnf
Check that the request matches the signature
Signature ok
Certificate Details:
        Serial Number: 6 (0x6)
        Validity
            Not Before: Nov 15 16:45:17 2017 GMT
            Not After : Nov 15 16:45:17 2018 GMT
        Subject:
            countryName               = CH
            stateOrProvinceName       = Zurich
            organizationName          = iMovies
            organizationalUnitName    = Administration
            commonName                = sys_admin
        X509v3 extensions:
            X509v3 Basic Constraints: 
                CA:FALSE
            Netscape Comment: 
                OpenSSL Generated Certificate
            X509v3 Subject Key Identifier: 
                BE:F9:AD:D9:36:52:A9:3B:4E:FB:63:9A:4D:47:FE:C7:3C:7A:DE:7F
            X509v3 Authority Key Identifier: 
                keyid:C0:2C:B3:C6:96:26:48:D2:12:34:D0:37:AF:84:16:12:5B:FE:91:D7

Certificate is to be certified until Nov 15 16:45:17 2018 GMT (365 days)

Write out database with 1 new entries
Data Base Updated
Generating RSA private key, 2048 bit long modulus
..........Generating RSA private key, 2048 bit long modulus
........................................................++.+
............................................+.++
...........................................................................................++.+
..++e is 65537 (0x10001)
+
e is 65537 (0x10001)
Using configuration from ./ssl/openssl.cnf
Using configuration from ./ssl/openssl.cnf
Check that the request matches the signature
Check that the request matches the signature
Signature ok
Signature ok
Certificate Details:
        Serial Number: 7 (0x7)
        Validity
            Not Before: Nov 15 16:45:25 2017 GMT
            Not After : Nov 15 16:45:25 2018 GMT
        Subject:
            countryName               = CH
            stateOrProvinceName       = Zurich
            organizationName          = iMovies
 Certificate Details:
          Serial Number:  7 (0x7)
         Validity
             Not Before:  Nov 15 16:45:25 2017 GMT 
            Not After :  Nov 15 16:45:25 2018 GMT 
         Subject:
  organizationalUnitName        =  A d m i nistration
            commonName                = ca_admin
        X509v3 extensions:
            X509v3 Basic Constraints: 
                  CA:FALSEcountryName 
              Netscape Comment : 
                   OpenSSL Generated Certificate 
              X509v3 Subject Key Identifier : 
                  EB:E4:78:05:1B:B8:2F:7D:84:1A:A5:78:33:2B:C0:B0:CB:6E:BA:9F 
 =             CX509v3 Authority Key IdentifierH: 

                  keyid:C0:2C:B3:C6:96:26:48:D2:12:34:D0:37:AF:84:16:12:5B:FE:91:D7 
  
  Certificate is to be certified until      Nov 15 16:45:25 2018 GMTstateOrProvinceName (365 days) 
      = Zurich
            organizationName          = iMovies
            organizationalUnitName    = Administration
            commonName                = ca_admin
        X509v3 extensions:
            X509v3 Basic Constraints: 
                CA:FALSE
            Netscape Comment: 
                OpenSSL Generated Certificate
            X509v3 Subject Key Identifier: 
                EB:E4:78:05:1B:B8:2F:7D:84:1A:A5:78:33:2B:C0:B0:CB:6E:BA:9F
            X509v3 Authority Key Identifier: 
                keyid:C0:2C:B3:C6:96:26:48:D2:12:34:D0:37:AF:84:16:12:5B:FE:91:D7

Certificate is to be certified until Nov 15 16:45:25 2018 GMT (365 days)

Write out database with 1 new entries

Write out database with 1 new entries
unable to rename ./ssl/CA/serial to ./ssl/CA/serial.old
reason: No such file or directory
Data Base Updated
rm: ./tmp/ca_admin.csr: No such file or directory
rm: ./tmp/ca_admin.p12: No such file or directory
Illegal option:  -destkeystoretype
keytool -importkeystore [OPTION]...

Imports one or all entries from another keystore

Options:

 -srckeystore <keystore>   source keystore name
 -destkeystore <keystore>  destination keystore name
 -srcstoretype <type>      source keystore type
 -deststoretype <type>     destination keystore type
 -srcstorepass <arg>       source keystore password
 -deststorepass <arg>      destination keystore password
 -srcprotected             source keystore password protected
 -destprotected            destination keystore password protected
 -srcprovidername <name>   source keystore provider name
 -destprovidername <name>  destination keystore provider name
 -srcalias <alias>         source alias
 -destalias <alias>        destination alias
 -srckeypass <arg>         source key password
 -destkeypass <arg>        destination key password
 -noprompt                 do not prompt
 -addprovider <name>       add security provider by name (e.g. SunPKCS11)
   [-providerarg <arg>]      configure argument for -addprovider
 -providerclass <class>    add security provider by fully-qualified class name
   [-providerarg <arg>]      configure argument for -providerclass
 -providerpath <list>      provider classpath
 -v                        verbose output

Use "keytool -help" for all available commands
Enter destination keystore password:  Generating RSA private key, 2048 bit long modulus
..................+++
......+++
e is 65537 (0x10001)
Using configuration from ./ssl/openssl.cnf
Check that the request matches the signature
Signature ok
Certificate Details:
        Serial Number: 8 (0x8)
        Validity
            Not Before: Nov 16 08:07:45 2017 GMT
            Not After : Nov 16 08:07:45 2018 GMT
        Subject:
            countryName               = CH
            stateOrProvinceName       = Zurich
            organizationName          = iMovies
            organizationalUnitName    = User
            commonName                = dummy
        X509v3 extensions:
            X509v3 Basic Constraints: 
                CA:FALSE
            Netscape Comment: 
                OpenSSL Generated Certificate
            X509v3 Subject Key Identifier: 
                7C:49:0B:EA:30:52:17:46:A3:9D:33:A8:A5:57:E9:32:7B:A2:7C:CE
            X509v3 Authority Key Identifier: 
                keyid:C0:2C:B3:C6:96:26:48:D2:12:34:D0:37:AF:84:16:12:5B:FE:91:D7

Certificate is to be certified until Nov 16 08:07:45 2018 GMT (365 days)

Write out database with 1 new entries
Data Base Updated
Generating RSA private key, 2048 bit long modulus
...........+++
.................................+++
e is 65537 (0x10001)
Using configuration from ./ssl/openssl.cnf
Check that the request matches the signature
Signature ok
Certificate Details:
        Serial Number: 9 (0x9)
        Validity
            Not Before: Nov 16 08:10:29 2017 GMT
            Not After : Nov 16 08:10:29 2018 GMT
        Subject:
            countryName               = CH
            stateOrProvinceName       = Zurich
            organizationName          = iMovies
            organizationalUnitName    = User
            commonName                = dummy
        X509v3 extensions:
            X509v3 Basic Constraints: 
                CA:FALSE
            Netscape Comment: 
                OpenSSL Generated Certificate
            X509v3 Subject Key Identifier: 
                59:CC:AA:3E:46:23:C6:CC:26:B7:95:48:E7:8B:AA:D6:48:C0:9C:14
            X509v3 Authority Key Identifier: 
                keyid:C0:2C:B3:C6:96:26:48:D2:12:34:D0:37:AF:84:16:12:5B:FE:91:D7

Certificate is to be certified until Nov 16 08:10:29 2018 GMT (365 days)

Write out database with 1 new entries
Data Base Updated
Generating RSA private key, 2048 bit long modulus
..............+++
.................................................+++
e is 65537 (0x10001)
Using configuration from ./ssl/openssl.cnf
Check that the request matches the signature
Signature ok
Certificate Details:
        Serial Number: 10 (0xa)
        Validity
            Not Before: Nov 16 08:30:04 2017 GMT
            Not After : Nov 16 08:30:04 2018 GMT
        Subject:
            countryName               = CH
            stateOrProvinceName       = Zurich
            organizationName          = iMovies
            organizationalUnitName    = User
            commonName                = dummy
        X509v3 extensions:
            X509v3 Basic Constraints: 
                CA:FALSE
            Netscape Comment: 
                OpenSSL Generated Certificate
            X509v3 Subject Key Identifier: 
                A9:8F:9E:64:8F:18:AD:8E:5F:6A:46:35:14:36:1C:02:43:63:53:59
            X509v3 Authority Key Identifier: 
                keyid:C0:2C:B3:C6:96:26:48:D2:12:34:D0:37:AF:84:16:12:5B:FE:91:D7

Certificate is to be certified until Nov 16 08:30:04 2018 GMT (365 days)

Write out database with 1 new entries
Data Base Updated
Generating RSA private key, 2048 bit long modulus
..................................+++
.........................................+++
e is 65537 (0x10001)
Using configuration from ./ssl/openssl.cnf
Check that the request matches the signature
Signature ok
Certificate Details:
        Serial Number: 11 (0xb)
        Validity
            Not Before: Nov 16 14:09:16 2017 GMT
            Not After : Nov 16 14:09:16 2018 GMT
        Subject:
            countryName               = CH
            stateOrProvinceName       = Zurich
            organizationName          = iMovies
            organizationalUnitName    = User
            commonName                = dummy
        X509v3 extensions:
            X509v3 Basic Constraints: 
                CA:FALSE
            Netscape Comment: 
                OpenSSL Generated Certificate
            X509v3 Subject Key Identifier: 
                14:65:79:F8:CB:08:4B:28:73:46:E0:49:57:79:FF:C0:24:5B:B6:08
            X509v3 Authority Key Identifier: 
                keyid:C0:2C:B3:C6:96:26:48:D2:12:34:D0:37:AF:84:16:12:5B:FE:91:D7

Certificate is to be certified until Nov 16 14:09:16 2018 GMT (365 days)

Write out database with 1 new entries
Data Base Updated
Using configuration from ./ssl/openssl.cnf
Using configuration from ./ssl/openssl.cnf
Using configuration from ./ssl/openssl.cnf
Revoking Certificate 08.
Data Base Updated
Using configuration from ./ssl/openssl.cnf
ERROR:Already revoked, serial number 08
Using configuration from ./ssl/openssl.cnf
Revoking Certificate 09.
Data Base Updated
Using configuration from ./ssl/openssl.cnf
Revoking Certificate 0A.
Data Base Updated
Using configuration from ./ssl/openssl.cnf
Revoking Certificate 0B.
Data Base Updated
Using configuration from ./ssl/openssl.cnf
Generating RSA private key, 2048 bit long modulus
..............................................................................................................................................................................................+++
.........................+++
e is 65537 (0x10001)
error on line -1 of ./ssl/openssl.cnf
140400678536856:error:02001002:system library:fopen:No such file or directory:bss_file.c:175:fopen('./ssl/openssl.cnf','rb')
140400678536856:error:2006D080:BIO routines:BIO_new_file:no such file:bss_file.c:178:
140400678536856:error:0E078072:configuration file routines:DEF_LOAD:no such file:conf_def.c:195:
Using configuration from ./ssl/openssl.cnf
error loading the config file './ssl/openssl.cnf'
140436925347480:error:02001002:system library:fopen:No such file or directory:bss_file.c:175:fopen('./ssl/openssl.cnf','rb')
140436925347480:error:2006D080:BIO routines:BIO_new_file:no such file:bss_file.c:178:
140436925347480:error:0E078072:configuration file routines:DEF_LOAD:no such file:conf_def.c:195:
No certificate matches private key
rm: cannot remove './tmp/a3.csr': No such file or directory
Using configuration from ./ssl/openssl.cnf
error loading the config file './ssl/openssl.cnf'
139922599409304:error:02001002:system library:fopen:No such file or directory:bss_file.c:175:fopen('./ssl/openssl.cnf','rb')
139922599409304:error:2006D080:BIO routines:BIO_new_file:no such file:bss_file.c:178:
139922599409304:error:0E078072:configuration file routines:DEF_LOAD:no such file:conf_def.c:195:
Using configuration from ./ssl/openssl.cnf
error loading the config file './ssl/openssl.cnf'
140305697375896:error:02001002:system library:fopen:No such file or directory:bss_file.c:175:fopen('./ssl/openssl.cnf','rb')
140305697375896:error:2006D080:BIO routines:BIO_new_file:no such file:bss_file.c:178:
140305697375896:error:0E078072:configuration file routines:DEF_LOAD:no such file:conf_def.c:195:
Using configuration from ./ssl/openssl.cnf
error loading the config file './ssl/openssl.cnf'
140667669563032:error:02001002:system library:fopen:No such file or directory:bss_file.c:175:fopen('./ssl/openssl.cnf','rb')
140667669563032:error:2006D080:BIO routines:BIO_new_file:no such file:bss_file.c:178:
140667669563032:error:0E078072:configuration file routines:DEF_LOAD:no such file:conf_def.c:195:
Using configuration from ./ssl/openssl.cnf
error loading the config file './ssl/openssl.cnf'
140405050250904:error:02001002:system library:fopen:No such file or directory:bss_file.c:175:fopen('./ssl/openssl.cnf','rb')
140405050250904:error:2006D080:BIO routines:BIO_new_file:no such file:bss_file.c:178:
140405050250904:error:0E078072:configuration file routines:DEF_LOAD:no such file:conf_def.c:195:
Using configuration from ./ssl/openssl.cnf
error loading the config file './ssl/openssl.cnf'
140706423527064:error:02001002:system library:fopen:No such file or directory:bss_file.c:175:fopen('./ssl/openssl.cnf','rb')
140706423527064:error:2006D080:BIO routines:BIO_new_file:no such file:bss_file.c:178:
140706423527064:error:0E078072:configuration file routines:DEF_LOAD:no such file:conf_def.c:195:
Using configuration from ./ssl/openssl.cnf
error loading the config file './ssl/openssl.cnf'
139809699739288:error:02001002:system library:fopen:No such file or directory:bss_file.c:175:fopen('./ssl/openssl.cnf','rb')
139809699739288:error:2006D080:BIO routines:BIO_new_file:no such file:bss_file.c:178:
139809699739288:error:0E078072:configuration file routines:DEF_LOAD:no such file:conf_def.c:195:
Using configuration from ./ssl/openssl.cnf
error loading the config file './ssl/openssl.cnf'
139890363098776:error:02001002:system library:fopen:No such file or directory:bss_file.c:175:fopen('./ssl/openssl.cnf','rb')
139890363098776:error:2006D080:BIO routines:BIO_new_file:no such file:bss_file.c:178:
139890363098776:error:0E078072:configuration file routines:DEF_LOAD:no such file:conf_def.c:195:
Using configuration from ./ssl/openssl.cnf
error loading the config file './ssl/openssl.cnf'
140363557701272:error:02001002:system library:fopen:No such file or directory:bss_file.c:175:fopen('./ssl/openssl.cnf','rb')
140363557701272:error:2006D080:BIO routines:BIO_new_file:no such file:bss_file.c:178:
140363557701272:error:0E078072:configuration file routines:DEF_LOAD:no such file:conf_def.c:195:
Using configuration from ./ssl/openssl.cnf
error loading the config file './ssl/openssl.cnf'
139963368781464:error:02001002:system library:fopen:No such file or directory:bss_file.c:175:fopen('./ssl/openssl.cnf','rb')
139963368781464:error:2006D080:BIO routines:BIO_new_file:no such file:bss_file.c:178:
139963368781464:error:0E078072:configuration file routines:DEF_LOAD:no such file:conf_def.c:195:
Generating RSA private key, 2048 bit long modulus
.....................................................................................................................................................+++
...............................................+++
e is 65537 (0x10001)
Using configuration from ./ssl/openssl.cnf
Check that the request matches the signature
Signature ok
Certificate Details:
        Serial Number: 8 (0x8)
        Validity
            Not Before: Nov 17 09:09:19 2017 GMT
            Not After : Nov 17 09:09:19 2018 GMT
        Subject:
            countryName               = CH
            stateOrProvinceName       = Zurich
            organizationName          = iMovies
            organizationalUnitName    = User
            commonName                = a3
        X509v3 extensions:
            X509v3 Basic Constraints: 
                CA:FALSE
            Netscape Comment: 
                OpenSSL Generated Certificate
            X509v3 Subject Key Identifier: 
                64:6A:2C:CA:FD:28:B1:1C:2B:A0:C3:8C:F7:B7:37:FC:72:49:4D:54
            X509v3 Authority Key Identifier: 
                keyid:C0:2C:B3:C6:96:26:48:D2:12:34:D0:37:AF:84:16:12:5B:FE:91:D7

Certificate is to be certified until Nov 17 09:09:19 2018 GMT (365 days)

Write out database with 1 new entries
Data Base Updated
Using configuration from ./ssl/openssl.cnf
Revoking Certificate 08.
Data Base Updated
Using configuration from ./ssl/openssl.cnf
Generating RSA private key, 2048 bit long modulus
............+++
.............................................+++
e is 65537 (0x10001)
Using configuration from ./ssl/openssl.cnf
Check that the request matches the signature
Signature ok
Certificate Details:
        Serial Number: 9 (0x9)
        Validity
            Not Before: Nov 17 09:28:13 2017 GMT
            Not After : Nov 17 09:28:13 2018 GMT
        Subject:
            countryName               = CH
            stateOrProvinceName       = Zurich
            organizationName          = iMovies
            organizationalUnitName    = User
            commonName                = a3
        X509v3 extensions:
            X509v3 Basic Constraints: 
                CA:FALSE
            Netscape Comment: 
                OpenSSL Generated Certificate
            X509v3 Subject Key Identifier: 
                F3:0D:1A:3A:82:FB:D0:4F:FD:4C:7A:4C:F3:92:18:6F:4F:50:EF:C7
            X509v3 Authority Key Identifier: 
                keyid:C0:2C:B3:C6:96:26:48:D2:12:34:D0:37:AF:84:16:12:5B:FE:91:D7

Certificate is to be certified until Nov 17 09:28:13 2018 GMT (365 days)

Write out database with 1 new entries
Data Base Updated
Generating RSA private key, 2048 bit long modulus
......+++
.........+++
e is 65537 (0x10001)
Using configuration from ./ssl/openssl.cnf
Check that the request matches the signature
Signature ok
Certificate Details:
        Serial Number: 10 (0xa)
        Validity
            Not Before: Nov 17 10:12:24 2017 GMT
            Not After : Nov 17 10:12:24 2018 GMT
        Subject:
            countryName               = CH
            stateOrProvinceName       = Zurich
            organizationName          = iMovies
            organizationalUnitName    = User
            commonName                = web_server
        X509v3 extensions:
            X509v3 Basic Constraints: 
                CA:FALSE
            Netscape Comment: 
                OpenSSL Generated Certificate
            X509v3 Subject Key Identifier: 
                9D:5B:5D:62:72:7D:0C:BD:AB:1B:5B:9F:C5:FE:F3:38:10:D9:53:66
            X509v3 Authority Key Identifier: 
                keyid:C0:2C:B3:C6:96:26:48:D2:12:34:D0:37:AF:84:16:12:5B:FE:91:D7

Certificate is to be certified until Nov 17 10:12:24 2018 GMT (365 days)

Write out database with 1 new entries
Data Base Updated
Generating RSA private key, 2048 bit long modulus
...........................................................................................+++
.+++
e is 65537 (0x10001)
Using configuration from ./ssl/openssl.cnf
Check that the request matches the signature
Signature ok
Certificate Details:
        Serial Number: 11 (0xb)
        Validity
            Not Before: Nov 17 10:14:52 2017 GMT
            Not After : Nov 17 10:14:52 2018 GMT
        Subject:
            countryName               = CH
            stateOrProvinceName       = Zurich
            organizationName          = iMovies
            organizationalUnitName    = User
            commonName                = web_server
        X509v3 extensions:
            X509v3 Basic Constraints: 
                CA:FALSE
            Netscape Comment: 
                OpenSSL Generated Certificate
            X509v3 Subject Key Identifier: 
                BB:25:F6:EB:2B:86:C4:EE:4F:3B:7D:5A:16:66:D6:4E:D1:1B:7F:6F
            X509v3 Authority Key Identifier: 
                keyid:C0:2C:B3:C6:96:26:48:D2:12:34:D0:37:AF:84:16:12:5B:FE:91:D7

Certificate is to be certified until Nov 17 10:14:52 2018 GMT (365 days)

Write out database with 1 new entries
Data Base Updated
Generating RSA private key, 2048 bit long modulus
.......+++
...................+++
e is 65537 (0x10001)
Error Loading request extension section v3_req
140432573097624:error:22097069:X509 V3 routines:DO_EXT_NCONF:invalid extension string:v3_conf.c:140:name=subjectAltName,section=@alt_names
140432573097624:error:22098080:X509 V3 routines:X509V3_EXT_nconf:error in extension:v3_conf.c:95:name=subjectAltName, value=@alt_names
Using configuration from ./ssl/openssl_altnames.cnf
./tmp/web_server.csr: No such file or directory
140491305092760:error:02001002:system library:fopen:No such file or directory:bss_file.c:398:fopen('./tmp/web_server.csr','r')
140491305092760:error:20074002:BIO routines:FILE_CTRL:system lib:bss_file.c:400:
No certificate matches private key
rm: cannot remove './tmp/web_server.csr': No such file or directory
Generating RSA private key, 2048 bit long modulus
..............+++
...................................................................................+++
e is 65537 (0x10001)
Using configuration from ./ssl/openssl_altnames.cnf
Check that the request matches the signature
Signature ok
Certificate Details:
        Serial Number: 12 (0xc)
        Validity
            Not Before: Nov 17 10:18:10 2017 GMT
            Not After : Nov 17 10:18:10 2018 GMT
        Subject:
            countryName               = CH
            stateOrProvinceName       = Zurich
            organizationName          = iMovies
            organizationalUnitName    = User
            commonName                = web_server
        X509v3 extensions:
            X509v3 Basic Constraints: 
                CA:FALSE
            Netscape Comment: 
                OpenSSL Generated Certificate
            X509v3 Subject Key Identifier: 
                1D:C0:7C:AE:60:84:DD:0B:F0:F0:6E:90:39:A2:65:2A:05:4E:77:54
            X509v3 Authority Key Identifier: 
                keyid:C0:2C:B3:C6:96:26:48:D2:12:34:D0:37:AF:84:16:12:5B:FE:91:D7

Certificate is to be certified until Nov 17 10:18:10 2018 GMT (365 days)

Write out database with 1 new entries
Data Base Updated
Generating RSA private key, 2048 bit long modulus
............................+++
........................................................+++
e is 65537 (0x10001)
Using configuration from ./ssl/openssl_altnames.cnf
Check that the request matches the signature
Signature ok
Certificate Details:
        Serial Number: 13 (0xd)
        Validity
            Not Before: Nov 17 10:20:26 2017 GMT
            Not After : Nov 17 10:20:26 2018 GMT
        Subject:
            countryName               = CH
            stateOrProvinceName       = Zurich
            organizationName          = iMovies
            organizationalUnitName    = User
            commonName                = web_server
        X509v3 extensions:
            X509v3 Basic Constraints: 
                CA:FALSE
            Netscape Comment: 
                OpenSSL Generated Certificate
            X509v3 Subject Key Identifier: 
                9E:1F:37:E1:0C:25:5D:47:BE:22:1F:11:95:6E:C8:15:3E:3A:7B:B4
            X509v3 Authority Key Identifier: 
                keyid:C0:2C:B3:C6:96:26:48:D2:12:34:D0:37:AF:84:16:12:5B:FE:91:D7

Certificate is to be certified until Nov 17 10:20:26 2018 GMT (365 days)

Write out database with 1 new entries
Data Base Updated
Generating RSA private key, 2048 bit long modulus
................................................+++
..........................+++
e is 65537 (0x10001)
Using configuration from ./ssl/openssl.cnf
Check that the request matches the signature
Signature ok
Certificate Details:
        Serial Number: 14 (0xe)
        Validity
            Not Before: Nov 17 10:22:54 2017 GMT
            Not After : Nov 17 10:22:54 2018 GMT
        Subject:
            countryName               = CH
            stateOrProvinceName       = Zurich
            organizationName          = iMovies
            organizationalUnitName    = User
            commonName                = 127.0.0.1
        X509v3 extensions:
            X509v3 Basic Constraints: 
                CA:FALSE
            Netscape Comment: 
                OpenSSL Generated Certificate
            X509v3 Subject Key Identifier: 
                32:07:23:3B:32:BD:BC:80:44:D5:DB:71:30:0B:EA:07:B6:E7:C5:30
            X509v3 Authority Key Identifier: 
                keyid:C0:2C:B3:C6:96:26:48:D2:12:34:D0:37:AF:84:16:12:5B:FE:91:D7

Certificate is to be certified until Nov 17 10:22:54 2018 GMT (365 days)

Write out database with 1 new entries
Data Base Updated
Generating RSA private key, 2048 bit long modulus
.......................................................................+++
.........................................+++
e is 65537 (0x10001)
Using configuration from ./ssl/openssl.cnf
Check that the request matches the signature
Signature ok
Certificate Details:
        Serial Number: 15 (0xf)
        Validity
            Not Before: Nov 17 10:26:37 2017 GMT
            Not After : Nov 17 10:26:37 2018 GMT
        Subject:
            countryName               = CH
            stateOrProvinceName       = Zurich
            organizationName          = iMovies
            organizationalUnitName    = User
            commonName                = 127.0.0.1
        X509v3 extensions:
            X509v3 Basic Constraints: 
                CA:FALSE
            Netscape Comment: 
                OpenSSL Generated Certificate
            X509v3 Subject Key Identifier: 
                11:B2:A0:BF:B0:6F:BE:55:44:5C:1B:7C:22:BF:E0:0B:17:7D:9C:A3
            X509v3 Authority Key Identifier: 
                keyid:C0:2C:B3:C6:96:26:48:D2:12:34:D0:37:AF:84:16:12:5B:FE:91:D7

Certificate is to be certified until Nov 17 10:26:37 2018 GMT (365 days)

Write out database with 1 new entries
Data Base Updated
Generating RSA private key, 2048 bit long modulus
.........+++
...+++
e is 65537 (0x10001)
Using configuration from ./ssl/openssl.cnf
Check that the request matches the signature
Signature ok
Certificate Details:
        Serial Number: 16 (0x10)
        Validity
            Not Before: Nov 17 10:27:07 2017 GMT
            Not After : Nov 17 10:27:07 2018 GMT
        Subject:
            countryName               = CH
            stateOrProvinceName       = Zurich
            organizationName          = iMovies
            organizationalUnitName    = User
            commonName                = 127.0.0.1
        X509v3 extensions:
            X509v3 Basic Constraints: 
                CA:FALSE
            Netscape Comment: 
                OpenSSL Generated Certificate
            X509v3 Subject Key Identifier: 
                D5:8A:16:62:19:BC:8D:CF:0E:76:BB:FE:E9:33:09:C0:99:54:CB:3D
            X509v3 Authority Key Identifier: 
                keyid:C0:2C:B3:C6:96:26:48:D2:12:34:D0:37:AF:84:16:12:5B:FE:91:D7

Certificate is to be certified until Nov 17 10:27:07 2018 GMT (365 days)

Write out database with 1 new entries
Data Base Updated
Generating RSA private key, 2048 bit long modulus
......+++
..........+++
e is 65537 (0x10001)
Using configuration from ./ssl/openssl.cnf
Check that the request matches the signature
Signature ok
Certificate Details:
        Serial Number: 17 (0x11)
        Validity
            Not Before: Nov 17 10:39:10 2017 GMT
            Not After : Nov 17 10:39:10 2018 GMT
        Subject:
            countryName               = CH
            stateOrProvinceName       = Zurich
            organizationName          = iMovies
            organizationalUnitName    = User
            commonName                = 127.0.0.1
        X509v3 extensions:
            X509v3 Basic Constraints: 
                CA:FALSE
            Netscape Comment: 
                OpenSSL Generated Certificate
            X509v3 Subject Key Identifier: 
                8C:09:47:0F:BA:E1:D3:20:69:7A:12:2C:64:D8:FA:9D:DE:43:57:6C
            X509v3 Authority Key Identifier: 
                keyid:C0:2C:B3:C6:96:26:48:D2:12:34:D0:37:AF:84:16:12:5B:FE:91:D7

Certificate is to be certified until Nov 17 10:39:10 2018 GMT (365 days)

Write out database with 1 new entries
Data Base Updated
Generating RSA private key, 2048 bit long modulus
...................................................................+++
................................................................................................................................................................+++
e is 65537 (0x10001)
Using configuration from ./ssl/openssl.cnf
Check that the request matches the signature
Signature ok
Certificate Details:
        Serial Number: 18 (0x12)
        Validity
            Not Before: Nov 17 14:41:02 2017 GMT
            Not After : Nov 17 14:41:02 2018 GMT
        Subject:
            countryName               = CH
            stateOrProvinceName       = Zurich
            organizationName          = iMovies
            organizationalUnitName    = User
            commonName                = a3
        X509v3 extensions:
            X509v3 Basic Constraints: 
                CA:FALSE
            Netscape Comment: 
                OpenSSL Generated Certificate
            X509v3 Subject Key Identifier: 
                58:74:99:9B:5B:89:65:FE:BE:E4:0A:BB:E2:AD:16:37:61:76:A7:81
            X509v3 Authority Key Identifier: 
                keyid:C0:2C:B3:C6:96:26:48:D2:12:34:D0:37:AF:84:16:12:5B:FE:91:D7

Certificate is to be certified until Nov 17 14:41:02 2018 GMT (365 days)

Write out database with 1 new entries
Data Base Updated
Using configuration from ./ssl/openssl.cnf
ERROR:Already revoked, serial number 08
Using configuration from ./ssl/openssl.cnf
Revoking Certificate 09.
Data Base Updated
Using configuration from ./ssl/openssl.cnf
Revoking Certificate 12.
Data Base Updated
Using configuration from ./ssl/openssl.cnf
Generating RSA private key, 2048 bit long modulus
.........+++
.................................+++
e is 65537 (0x10001)
Using configuration from ./ssl/openssl.cnf
Check that the request matches the signature
Signature ok
Certificate Details:
        Serial Number: 19 (0x13)
        Validity
            Not Before: Nov 19 14:27:05 2017 GMT
            Not After : Nov 19 14:27:05 2018 GMT
        Subject:
            countryName               = CH
            stateOrProvinceName       = Zurich
            organizationName          = iMovies
            organizationalUnitName    = User
            commonName                = a3
        X509v3 extensions:
            X509v3 Basic Constraints: 
                CA:FALSE
            Netscape Comment: 
                OpenSSL Generated Certificate
            X509v3 Subject Key Identifier: 
                FB:1F:16:69:D2:6D:D2:A8:94:D5:FE:2F:5C:73:8D:CB:D8:AA:3F:CD
            X509v3 Authority Key Identifier: 
                keyid:C0:2C:B3:C6:96:26:48:D2:12:34:D0:37:AF:84:16:12:5B:FE:91:D7

Certificate is to be certified until Nov 19 14:27:05 2018 GMT (365 days)

Write out database with 1 new entries
Data Base Updated
Using configuration from ./ssl/openssl.cnf
Revoking Certificate 13.
Data Base Updated
Using configuration from ./ssl/openssl.cnf
Using configuration from ./ssl/openssl.cnf
ERROR:Already revoked, serial number 08
Using configuration from ./ssl/openssl.cnf
ERROR:Already revoked, serial number 09
Using configuration from ./ssl/openssl.cnf
ERROR:Already revoked, serial number 12
Using configuration from ./ssl/openssl.cnf
ERROR:Already revoked, serial number 13
Using configuration from ./ssl/openssl.cnf
Generating RSA private key, 2048 bit long modulus
..............................................................+++
........................................+++
e is 65537 (0x10001)
Using configuration from ./ssl/openssl.cnf
Check that the request matches the signature
Signature ok
Certificate Details:
        Serial Number: 20 (0x14)
        Validity
            Not Before: Nov 19 17:53:50 2017 GMT
            Not After : Nov 19 17:53:50 2018 GMT
        Subject:
            countryName               = CH
            stateOrProvinceName       = Zurich
            organizationName          = iMovies
            organizationalUnitName    = User
            commonName                = a3
        X509v3 extensions:
            X509v3 Basic Constraints: 
                CA:FALSE
            Netscape Comment: 
                OpenSSL Generated Certificate
            X509v3 Subject Key Identifier: 
                2B:27:D2:7D:FC:68:7C:98:D2:50:FD:15:78:DE:C9:18:4B:23:73:40
            X509v3 Authority Key Identifier: 
                keyid:C0:2C:B3:C6:96:26:48:D2:12:34:D0:37:AF:84:16:12:5B:FE:91:D7

Certificate is to be certified until Nov 19 17:53:50 2018 GMT (365 days)

Write out database with 1 new entries
Data Base Updated
Using configuration from ./ssl/openssl.cnf
Revoking Certificate 14.
Data Base Updated
Using configuration from ./ssl/openssl.cnf
