\BOOKMARK [1][-]{section.1}{System Characterization}{}% 1
\BOOKMARK [2][-]{subsection.1.1}{System Overview}{section.1}% 2
\BOOKMARK [2][-]{subsection.1.2}{System Functionality}{section.1}% 3
\BOOKMARK [3][-]{subsubsection.1.2.1}{Certificate Issuing Process}{subsection.1.2}% 4
\BOOKMARK [3][-]{subsubsection.1.2.2}{Certificate Revocation Process}{subsection.1.2}% 5
\BOOKMARK [3][-]{subsubsection.1.2.3}{CA Administration Interface}{subsection.1.2}% 6
\BOOKMARK [3][-]{subsubsection.1.2.4}{Key Backup}{subsection.1.2}% 7
\BOOKMARK [3][-]{subsubsection.1.2.5}{System Administration and Maintenance}{subsection.1.2}% 8
\BOOKMARK [2][-]{subsection.1.3}{Security Design}{section.1}% 9
\BOOKMARK [2][-]{subsection.1.4}{Components}{section.1}% 10
\BOOKMARK [3][-]{subsubsection.1.4.1}{Core Certificate Authority \(CA\)}{subsection.1.4}% 11
\BOOKMARK [3][-]{subsubsection.1.4.2}{Database}{subsection.1.4}% 12
\BOOKMARK [2][-]{subsection.1.5}{Backdoors}{section.1}% 13
\BOOKMARK [3][-]{subsubsection.1.5.1}{Easy Backdoor}{subsection.1.5}% 14
\BOOKMARK [3][-]{subsubsection.1.5.2}{Hard Backdoor}{subsection.1.5}% 15
\BOOKMARK [2][-]{subsection.1.6}{Additional Material}{section.1}% 16
\BOOKMARK [3][-]{subsubsection.1.6.1}{Login credentials}{subsection.1.6}% 17
\BOOKMARK [1][-]{section.2}{Risk Analysis and Security Measures}{}% 18
\BOOKMARK [2][-]{subsection.2.1}{Assets}{section.2}% 19
\BOOKMARK [2][-]{subsection.2.2}{Threat Sources}{section.2}% 20
\BOOKMARK [2][-]{subsection.2.3}{Risks Definitions}{section.2}% 21
\BOOKMARK [2][-]{subsection.2.4}{Risk Evaluation}{section.2}% 22
\BOOKMARK [3][-]{subsubsection.2.4.1}{Evaluation Web Server}{subsection.2.4}% 23
\BOOKMARK [3][-]{subsubsection.2.4.2}{Evaluation Core CA}{subsection.2.4}% 24
\BOOKMARK [3][-]{subsubsection.2.4.3}{Evaluation Backup}{subsection.2.4}% 25
\BOOKMARK [3][-]{subsubsection.2.4.4}{Evaluation System Administrator}{subsection.2.4}% 26
